<?xml version="1.0" encoding="UTF-8"?>
<!-- Generated by org.testng.reporters.JUnitReportReporter -->
<testsuite hostname="DESKTOP-0BQUQUT" failures="0" tests="1" name="shooting.xpathTest" time="11.513" errors="0" timestamp="2023-02-13T20:12:44 IST" skipped="0">
  <testcase classname="shooting.xpathTest" name="f" time="11.513"/>
  <system-out/>
</testsuite> <!-- shooting.xpathTest -->
