<?xml version="1.0" encoding="UTF-8"?>
<!-- Generated by org.testng.reporters.JUnitReportReporter -->
<testsuite hostname="DESKTOP-0BQUQUT" failures="0" tests="1" name="Assertionexample" time="1.811" errors="0" timestamp="2022-11-22T18:19:32 IST" skipped="0">
  <testcase classname="Assertionexample" name="verifyTitle" time="1.811"/>
  <system-out/>
</testsuite> <!-- Assertionexample -->
