<?xml version="1.0" encoding="UTF-8"?>
<!-- Generated by org.testng.reporters.JUnitReportReporter -->
<testsuite hostname="DESKTOP-0BQUQUT" failures="0" tests="1" name="pageobjectmodule.NewTest" time="5.726" errors="0" timestamp="2023-02-10T14:45:54 IST" skipped="0">
  <testcase classname="pageobjectmodule.NewTest" name="f" time="5.726"/>
  <system-out/>
</testsuite> <!-- pageobjectmodule.NewTest -->
