<?xml version="1.0" encoding="UTF-8"?>
<!-- Generated by org.testng.reporters.JUnitReportReporter -->
<testsuite hostname="DESKTOP-0BQUQUT" failures="0" tests="1" name="newTG.NewTest2" time="1.087" errors="0" timestamp="2022-12-05T18:06:46 IST" skipped="0">
  <testcase classname="newTG.NewTest2" name="f" time="1.087"/>
  <system-out/>
</testsuite> <!-- newTG.NewTest2 -->
