<?xml version="1.0" encoding="UTF-8"?>
<!-- Generated by org.testng.reporters.JUnitReportReporter -->
<testsuite hostname="DESKTOP-0BQUQUT" failures="0" tests="3" name="suiteTest" time="14.741" errors="0" timestamp="2022-08-11T15:01:23 IST" skipped="0">
  <testcase classname="suiteTest" name="openBing" time="5.777"/>
  <system-out/>
  <testcase classname="suiteTest" name="openGoole" time="1.786"/>
  <system-out/>
  <testcase classname="suiteTest" name="openyoutube" time="7.178"/>
  <system-out/>
</testsuite> <!-- suiteTest -->
