<?xml version="1.0" encoding="UTF-8"?>
<!-- Generated by org.testng.reporters.JUnitReportReporter -->
<testsuite hostname="DESKTOP-0BQUQUT" failures="0" tests="3" name="testng.Sample" time="10.488" errors="0" timestamp="2022-08-11T13:11:53 IST" skipped="0">
  <testcase classname="testng.Sample" name="fgfgdf" time="1.807"/>
  <system-out/>
  <testcase classname="testng.Sample" name="jfgdf" time="4.024"/>
  <system-out/>
  <testcase classname="testng.Sample" name="fgfdf" time="4.657"/>
  <system-out/>
</testsuite> <!-- testng.Sample -->
