<?xml version="1.0" encoding="UTF-8"?>
<!-- Generated by org.testng.reporters.JUnitReportReporter -->
<testsuite hostname="DESKTOP-0BQUQUT" failures="0" tests="1" name="newTG.NewTest" time="0.008" errors="0" timestamp="2023-02-13T14:36:54 IST" skipped="0">
  <testcase classname="newTG.NewTest" name="f" time="0.008"/>
  <system-out/>
</testsuite> <!-- newTG.NewTest -->
