<?xml version="1.0" encoding="UTF-8"?>
<!-- Generated by org.testng.reporters.JUnitReportReporter -->
<testsuite hostname="DESKTOP-0BQUQUT" failures="0" tests="1" name="before" time="2.394" errors="0" timestamp="2022-08-11T14:34:37 IST" skipped="0">
  <testcase classname="before" name="test" time="2.394"/>
  <system-out/>
</testsuite> <!-- before -->
