<?xml version="1.0" encoding="UTF-8"?>
<!-- Generated by org.testng.reporters.JUnitReportReporter -->
<testsuite hostname="DESKTOP-0BQUQUT" failures="0" tests="1" name="assertion.Assertionexample" time="0.018" errors="0" timestamp="2022-08-16T18:28:00 IST" skipped="0">
  <testcase classname="assertion.Assertionexample" name="f" time="0.018"/>
  <system-out/>
</testsuite> <!-- assertion.Assertionexample -->
