<?xml version="1.0" encoding="UTF-8"?>
<!-- Generated by org.testng.reporters.JUnitReportReporter -->
<testsuite hostname="DESKTOP-0BQUQUT" failures="0" tests="1" name="assertion.assertion" time="0.016" errors="0" timestamp="2022-08-16T17:48:05 IST" skipped="0">
  <testcase classname="assertion.assertion" name="f" time="0.016"/>
  <system-out/>
</testsuite> <!-- assertion.assertion -->
